  Using per-stop headcounts from CSV (registered 3054, active x0.7727570399476097, effective demand 2141)
  Using cached Google road matrix via MatrixIdx (692 of 823 nodes).
Solving 691 stops, 2141 riders, 69 buses available (29 own + 40 rent)  -  up to 200s ...
  phase A done (60 buses) -> warm-starting goal model

==================  FLEET METRICS  ==================
                              OWNED       RENTAL     COMBINED
  Buses used                     29           40           69
  Riders carried              1,384          757        2,141
  Utilisation                   89%         127%         100%
  Avg stops / bus              12.4          8.3         10.0
  Max ride (min)                 93          101          101
  Avg ride (min)                 54           65           60
  Total km/day                1,643        3,121        4,763
  Cost Rs/day                83,701       73,355      157,056
  Cost Rs/head/day             60.5         96.9         73.4

  OVERALL (whole fleet, all zones):  Rs 73.4/head/day  (Rs 1,907/mo) | 100% util | max ride 101 min | 69 buses

  bus           type    stops  riders  km     ride   Rs
  TN57BS3434    own      15     38   76.8    70   3,225
  TN57CB3434    own      15     56  101.5    93   3,640
  TN57CF3636    own      15     51   54.1    57   2,844
  TN58BM3434    own      15     46   72.9    69   3,160
  TN60AQ3434    own      15     54   87.1    82   3,398
  TN57BQ3636    own      15     47   89.1    84   3,432
  TN57CK3636    own      15     45   82.1    70   3,314
  TN58BR3434    own      15     56   80.8    72   3,292
  TN57BC3636    own      14     36   43.8    50   2,670
  TN57CJ3636    own      14     34   72.4    60   3,151
  TN58BL3636    own      14     52   34.3    40   2,510
  TN57CH3636    own      13     41   54.6    57   2,851
  TN58BK3636    own      13     52   64.7    60   3,021
  TN58BP3434    own      13     57   26.6    32   2,381
  TN57CA3636    own      13     39   42.4    44   2,647
  TN57CC3636    own      13     55   32.2    40   2,476
  TN57CE3434    own      12     48   23.4    32   2,328
  TN57CF3434    own      12     57   57.6    47   2,902
  TN57CL3434    own      12     50   41.9    42   2,639
  TN60AS3434    own      12     56   31.7    36   2,466
  TN60AS3636    own      11     59   44.4    39   2,681
  TN57CB3636    own      11     51   75.7    68   3,206
  TN58BS3434    own      11     46   65.2    64   3,030
  TN58BL3434    own      10     30   54.0    43   2,842
  TN58BM3636    own      10     29   53.5    50   2,834
  TN57BP3434    own       9     33   51.5    43   2,800
  TN57BQ3434    own       9     57   50.3    48   2,779
  TN60AP3434    own       7     53   49.5    41   2,766
  TN57CD3434    own       6     56   28.6    30   2,416
  TN05V6697     rent     14     20   89.5    86   1,900
  TN030857      rent     13     20   78.3    73   1,700
  TN46F3361     rent     13     20  118.4    99   2,213
  TN57P6909     rent     13     20  112.6    86   2,106
  TN42A3533     rent     12     20  106.1   100   1,984
  TN74AY1634    rent     12     19   78.4    62   1,700
  TN74AW0645    rent     11     20   99.9    82   1,900
  TN02AB5688    rent     10     17   79.1    68   1,700
  TN20AJ3944    rent     10     16   79.7    63   1,700
  TN23AC2721    rent     10     20  123.0    96   2,300
  TN31CD6636    rent     10     18   70.1    52   1,700
  TN31J6001     rent     10     20   87.3    67   1,900
  TN32X3929     rent     10     20   47.7    40   1,700
  TN20AK5513    rent      9     19   84.8    79   1,900
  TN32AA4015    rent      9     20   35.1    34   1,700
  TN39AZ4680    rent      9     20   90.5    82   1,900
  TN40W3708     rent      9     19   69.6    50   1,700
  TN58S5303     rent      9     20  132.5   101   2,477
  TN59AH9703    rent      9     19   97.4    72   1,900
  TN69M1957     rent      9     18   36.6    37   1,700
  TN25M4073     rent      8     20   37.6    34   1,700
  TN31AY8208    rent      8     20   29.8    33   1,700
  TN45AP3948    rent      8     20   93.3    79   1,900
  TN54T2368     rent      8     20  106.8    97   1,997
  TN39AP2287    rent      7     20   95.5    86   1,900
  TN41S5818     rent      7     18   69.9    49   1,700
  TN20AL3611    rent      6     20   74.1    52   1,700
  TN20AU6396    rent      6     20   47.8    46   1,700
  TN41T5270     rent      6     19   85.8    73   1,900
  TN41W8996     rent      6     19  102.6    87   1,919
  TN49AW5908    rent      6     17   38.5    33   1,700
  TN59AB3444    rent      6     20  104.7    93   1,958
  TN63E9861     rent      6     18   41.8    38   1,700
  TN58BC3494    rent      6     12   51.6    40   1,700
  TN25M4928     rent      5     15   71.9    50   1,700
  TN31AC0182    rent      5     20   68.8    63   1,700
  TN36L5458     rent      5     19   74.9    52   1,700
  TN57L8446     rent      5     16   46.2    34   1,700
  TN31AB3789    rent      4     20   68.5    44   1,700
  TN63U4754     rent      3     19   93.8    77   1,900

================  LONGEST ROUTE: TN58S5303  (9 stops, 132.5 km/day both trips, 101 min chain)  ================
  FACTORY (evening drop start) 10.207550, 77.806206
  1. Angu Vilas                   10.356200, 77.970523
  2. Kosavapatti                  10.286190, 78.063433
  3. Sanarpatti Pertol Bunk       10.275127, 78.079978
  4. Paraipatti                   10.272547, 78.127718
  5. Pallpatti                    10.276968, 78.133687
  6. V.Pudur                      10.269058, 78.140987
  7. Thalayarpatti                10.265357, 78.136113
  8. Servedu                      10.251152, 78.143988
  9. Natham                       10.240495, 78.220110  <- parks overnight

  Google Maps: https://www.google.com/maps/dir/?api=1&origin=10.20755,77.806206&destination=10.240495,78.22011&waypoints=10.3562,77.970523|10.28619,78.063433|10.275127,78.079978|10.272547,78.127718|10.276968,78.133687|10.269058,78.140987|10.265357,78.136113|10.251152,78.143988&travelmode=driving

Wrote public/solver_result.json  (69 routes)
