  Using per-stop headcounts from CSV (registered 3054, active x0.7727570399476097, effective demand 2141)
  Using cached Google road matrix via MatrixIdx (692 of 823 nodes).
Solving 691 stops, 2141 riders, 69 buses available (29 own + 40 rent)  -  up to 220s ...
  phase A done (59 buses) -> warm-starting goal model

==================  FLEET METRICS  ==================
                              OWNED       RENTAL     COMBINED
  Buses used                     29           40           69
  Riders carried              1,368          773        2,141
  Utilisation                   88%         130%         100%
  Avg stops / bus              12.0          8.6         10.0
  Max ride (min)                 93          100          100
  Avg ride (min)                 49           68           60
  Total km/day                1,436        3,283        4,719
  Cost Rs/day                80,219       74,140      154,359
  Cost Rs/head/day             58.6         95.9         72.1

  OVERALL (whole fleet, all zones):  Rs 72.1/head/day  (Rs 1,875/mo) | 100% util | max ride 100 min | 69 buses

  bus           type    stops  riders  km     ride   Rs
  TN57BP3434    own      19     54   87.1    82   3,399
  TN57BS3434    own      19     51   57.5    61   2,901
  TN57CF3636    own      18     54   54.8    68   2,855
  TN60AQ3434    own      18     56   80.5    78   3,288
  TN58BM3636    own      18     58   68.8    69   3,091
  TN57CC3636    own      17     55   26.8    36   2,385
  TN58BK3636    own      16     55   23.0    33   2,321
  TN57CF3434    own      15     54  101.5    93   3,640
  TN58BM3434    own      14     56   63.1    54   2,995
  TN57CE3434    own      13     52   24.5    34   2,345
  TN57CB3636    own      13     55   54.5    56   2,851
  TN58BR3434    own      13     57   36.8    39   2,553
  TN57BC3636    own      12     43   30.7    29   2,449
  TN57CB3434    own      12     56   73.1    60   3,163
  TN57CJ3636    own      12     34   45.2    48   2,694
  TN57CD3434    own      11     54   30.6    33   2,448
  TN58BL3636    own      11     47   64.2    60   3,013
  TN57CA3636    own      11     50   33.7    34   2,500
  TN58BP3434    own      10     34   42.7    39   2,652
  TN60AS3636    own      10     59   62.0    64   2,977
  TN57BQ3434    own      10     56   53.8    51   2,838
  TN57BQ3636    own      10     46   35.2    35   2,526
  TN60AP3434    own       9     55   65.6    53   3,036
  TN57CL3434    own       8     56   53.8    41   2,839
  TN58BL3434    own       8     31   30.2    32   2,443
  TN60AS3434    own       8     29   50.1    45   2,776
  TN58BS3434    own       6     22   74.8    70   3,191
  TN57CK3636    own       4     20    7.8     9   2,066
  TN57CH3636    own       3     19    3.1     4   1,986
  TN030857      rent     16     20  110.5    98   2,067
  TN20AL3611    rent     13     20   87.5    68   1,900
  TN31CD6636    rent     13     20   83.3    74   1,900
  TN57P6909     rent     13     20  113.7    89   2,126
  TN20AJ3944    rent     12     20  112.4    87   2,102
  TN31AY8208    rent     12     20   78.4    62   1,700
  TN42A3533     rent     12     20  104.0   100   1,944
  TN32X3929     rent     12     20   79.6    64   1,700
  TN25M4073     rent     11     20  103.9    90   1,942
  TN32AA4015    rent     11     20   63.3    54   1,700
  TN58S5303     rent     11     20  121.0    95   2,264
  TN63U4754     rent     11     18   56.4    48   1,700
  TN23AC2721    rent     10     19  104.2    82   1,949
  TN31J6001     rent     10     18  121.5    85   2,272
  TN74AW0645    rent     10     20   48.5    42   1,700
  TN46F3361     rent      9     20   73.2    67   1,700
  TN69M1957     rent      9     18   57.4    49   1,700
  TN74AY1634    rent      9     20   53.5    42   1,700
  TN02AB5688    rent      8     20   56.9    51   1,700
  TN25M4928     rent      8     20   29.7    32   1,700
  TN40W3708     rent      8     20   81.6    64   1,900
  TN49AW5908    rent      8     18   56.1    57   1,700
  TN57L8446     rent      8     15   55.8    38   1,700
  TN20AK5513    rent      7     20  103.9    92   1,943
  TN20AU6396    rent      7     20   88.1    78   1,900
  TN39AP2287    rent      7     20   95.5    86   1,900
  TN39AZ4680    rent      7     17   85.9    79   1,900
  TN45AP3948    rent      7     19   93.3    78   1,900
  TN59AH9703    rent      7     20  120.5    87   2,253
  TN58BC3494    rent      7     14   65.6    60   1,700
  TN05V6697     rent      6     20   69.1    55   1,700
  TN36L5458     rent      6     20   73.8    57   1,700
  TN41T5270     rent      6     20   83.2    72   1,900
  TN41W8996     rent      6     19  102.6    87   1,919
  TN59AB3444    rent      6     20  104.7    93   1,958
  TN31AB3789    rent      5     20   73.2    54   1,700
  TN41S5818     rent      5     19   74.9    52   1,700
  TN54T2368     rent      4     20   93.8    77   1,900
  TN63E9861     rent      4     20   38.7    34   1,700
  TN31AC0182    rent      2     19   64.1    49   1,700

================  LONGEST ROUTE: TN42A3533  (12 stops, 104.0 km/day both trips, 100 min chain)  ================
  FACTORY (evening drop start) 10.207550, 77.806206
  1. Mannadimangalam 6            10.040222, 77.924073
  2. Mannadimangalam 2            10.035560, 77.926317
  3. Vikiramangalam               10.008628, 77.924047
  4. Joseph School                10.001722, 77.928287
  5. Naduvur                      9.996997, 77.924613
  6. Kalpulichampatti             9.997923, 77.921258
  7. Kodikulam Colony             9.970862, 77.909499
  8. Kodikulam                    9.972885, 77.907592
  9. Andipatti                    9.973670, 77.905854
  10. Ayyanarkulam                 9.992595, 77.879423
  11. Chinnakulavadi               9.989536, 77.870850
  12. Mayapuram                    9.993534, 77.867635  <- parks overnight

  Google Maps: https://www.google.com/maps/dir/?api=1&origin=10.20755,77.806206&destination=9.993534,77.867635&waypoints=10.040222,77.924073|10.03556,77.926317|10.008628,77.924047|10.001722,77.928287|9.996997,77.924613|9.997923,77.921258|9.970862,77.909499|9.972885,77.907592|9.97367,77.905854|9.992595,77.879423|9.989536,77.87085&travelmode=driving

Wrote public/solver_result.json  (69 routes)
