  Using per-stop headcounts from CSV (registered 3054, active x0.7727570399476097, effective demand 2141)
  Using cached Google road matrix via MatrixIdx (692 of 823 nodes).
Solving 691 stops, 2141 riders, 69 buses available (29 own + 40 rent)  -  up to 400s ...
  phase A done (63 buses) -> warm-starting goal model

==================  FLEET METRICS  ==================
                              OWNED       RENTAL     COMBINED
  Buses used                     29           40           69
  Riders carried              1,374          767        2,141
  Utilisation                   88%         129%         100%
  Avg stops / bus              12.8          8.0         10.0
  Max ride (min)                 80           93           93
  Avg ride (min)                 50           69           61
  Total km/day                1,492        3,308        4,800
  Cost Rs/day                81,175       74,026      155,201
  Cost Rs/head/day             59.1         96.5         72.5

  OVERALL (whole fleet, all zones):  Rs 72.5/head/day  (Rs 1,885/mo) | 100% util | max ride 93 min | 69 buses

  bus           type    stops  riders  km     ride   Rs
  TN57BC3636    own      19     51   59.9    58   2,940
  TN57CL3434    own      19     52   74.9    71   3,193
  TN57CK3636    own      19     44   74.9    77   3,193
  TN57BP3434    own      16     57   88.1    80   3,415
  TN60AQ3434    own      16     55   45.5    53   2,699
  TN57CB3636    own      16     41   65.3    61   3,032
  TN57CC3636    own      16     46   54.1    53   2,843
  TN58BR3434    own      16     54   54.4    58   2,849
  TN57BQ3434    own      15     37   32.0    36   2,472
  TN58BM3636    own      15     35   44.9    47   2,689
  TN58BL3636    own      14     52   28.8    37   2,418
  TN57CB3434    own      13     53   32.2    41   2,476
  TN57CD3434    own      13     46   67.4    53   3,067
  TN60AP3434    own      13     57   85.3    68   3,368
  TN60AS3434    own      13     56   24.8    30   2,350
  TN58BK3636    own      12     57   73.3    74   3,166
  TN57BS3434    own      11     39   39.4    39   2,596
  TN57CF3636    own      11     58   33.7    34   2,500
  TN57CJ3636    own      11     53   64.6    63   3,020
  TN58BM3434    own      11     24   63.1    57   2,996
  TN57BQ3636    own      11     42   23.2    28   2,324
  TN58BL3434    own      10     52   49.9    44   2,773
  TN60AS3636    own      10     32   63.0    52   2,993
  TN57CA3636    own      10     50   50.6    43   2,785
  TN57CF3434    own       9     44   52.2    39   2,811
  TN58BS3434    own       9     39   65.1    58   3,028
  TN57CH3636    own       8     58   22.4    24   2,310
  TN58BP3434    own       8     39   40.7    39   2,618
  TN57CE3434    own       7     51   18.8    25   2,250
  TN54T2368     rent     13     19  100.1    79   1,900
  TN74AW0645    rent     13     20  124.2    89   2,322
  TN31AY8208    rent     12     20  112.4    87   2,102
  TN25M4928     rent     11     20  125.1    91   2,339
  TN31AC0182    rent     10     20   77.2    72   1,700
  TN39AP2287    rent     10     20   59.5    44   1,700
  TN39AZ4680    rent     10     17   79.1    68   1,700
  TN49AW5908    rent     10     19  104.2    82   1,949
  TN57L8446     rent     10     20  101.9    91   1,905
  TN57P6909     rent     10     19   83.5    68   1,900
  TN030857      rent      9     20   77.5    73   1,700
  TN31AB3789    rent      9     20   85.5    80   1,900
  TN46F3361     rent      9     20  115.8    80   2,166
  TN59AB3444    rent      9     20   72.6    53   1,700
  TN58BC3494    rent      9     12  102.4    86   1,915
  TN74AY1634    rent      9     20   30.6    32   1,700
  TN02AB5688    rent      8     20   72.9    67   1,700
  TN20AL3611    rent      8     20  100.8    92   1,900
  TN25M4073     rent      8     20   76.0    57   1,700
  TN32AA4015    rent      8     20   20.7    25   1,700
  TN41T5270     rent      8     18   75.6    53   1,700
  TN69M1957     rent      8     18  114.1    89   2,134
  TN32X3929     rent      8     18   72.5    67   1,700
  TN63U4754     rent      8     20   87.5    68   1,900
  TN20AJ3944    rent      7     20  106.8    91   1,997
  TN31CD6636    rent      7     18   83.8    73   1,900
  TN41S5818     rent      7     20   67.8    60   1,700
  TN45AP3948    rent      7     19   80.6    67   1,900
  TN59AH9703    rent      7     19   34.5    31   1,700
  TN05V6697     rent      6     20   73.9    69   1,700
  TN20AK5513    rent      6     19   93.8    77   1,900
  TN23AC2721    rent      6     20  103.7    92   1,940
  TN42A3533     rent      6     20   75.0    53   1,700
  TN58S5303     rent      6     20  104.7    93   1,958
  TN63E9861     rent      6     19   26.8    27   1,700
  TN20AU6396    rent      5     15   71.9    50   1,700
  TN31J6001     rent      5     20   68.8    63   1,700
  TN36L5458     rent      5     19   81.5    69   1,900
  TN40W3708     rent      5     20   98.2    84   1,900
  TN41W8996     rent      2     19   64.1    49   1,700

================  LONGEST ROUTE: TN58S5303  (6 stops, 104.7 km/day both trips, 93 min chain)  ================
  FACTORY (evening drop start) 10.207550, 77.806206
  1. Jothi Nayakannur             9.881752, 77.753469
  2. Konanayakanpatti             9.879778, 77.749385
  3. Uthapuram Stop2              9.870582, 77.716043
  4. Uthapuram Stop 2             9.871324, 77.713672
  5. Elumalai                     9.865110, 77.700035
  6. Sealinayankanpatti           9.855248, 77.685093  <- parks overnight

  Google Maps: https://www.google.com/maps/dir/?api=1&origin=10.20755,77.806206&destination=9.855248,77.685093&waypoints=9.881752,77.753469|9.879778,77.749385|9.870582,77.716043|9.871324,77.713672|9.86511,77.700035&travelmode=driving

Wrote public/solver_result.json  (69 routes)
