  Using per-stop headcounts from CSV (registered 3054, active x0.7727570399476097, effective demand 2141)
  Using cached Google road matrix via MatrixIdx (692 of 823 nodes).
Solving 691 stops, 2141 riders, 69 buses available (29 own + 40 rent)  -  up to 200s ...
  phase A done (54 buses) -> warm-starting goal model

==================  FLEET METRICS  ==================
                              OWNED       RENTAL     COMBINED
  Buses used                     24           40           64
  Riders carried              1,356          785        2,141
  Utilisation                  104%         132%         113%
  Avg stops / bus              14.5          8.6         10.8
  Max ride (min)                 96          100          100
  Avg ride (min)                 65           76           72
  Total km/day                1,543        3,587        5,129
  Cost Rs/day                72,347       76,989      149,336
  Cost Rs/head/day             53.4         98.1         69.8

  OVERALL (whole fleet, all zones):  Rs 69.8/head/day  (Rs 1,814/mo) | 113% util | max ride 100 min | 64 buses

  bus           type    stops  riders  km     ride   Rs
  TN57CB3434    own      21     59   90.8    88   3,460
  TN58BL3636    own      20     59   97.7    96   3,577
  TN60AQ3434    own      20     58   58.7    69   2,921
  TN60AP3434    own      19     60   84.4    88   3,353
  TN57CD3434    own      18     59   91.4    85   3,471
  TN57CJ3636    own      18     60   64.6    73   3,019
  TN57CE3434    own      17     57   80.4    81   3,286
  TN58BK3636    own      17     57   62.4    72   2,982
  TN60AS3636    own      17     60   83.6    94   3,340
  TN57CF3636    own      16     60   79.5    86   3,270
  TN57CH3636    own      16     58   82.9    68   3,327
  TN58BP3434    own      16     59   33.1    46   2,490
  TN57CK3636    own      16     58   69.7    76   3,106
  TN57BP3434    own      15     57   55.4    49   2,865
  TN58BL3434    own      15     60   86.0    87   3,380
  TN58BR3434    own      15     59   94.9    83   3,529
  TN60AS3434    own      14     58   60.7    66   2,955
  TN57CF3434    own      13     60   45.6    45   2,701
  TN57BC3636    own      10     53   22.7    29   2,316
  TN58BM3636    own      10     57   72.7    68   3,156
  TN57BQ3434    own       9     57   43.7    37   2,668
  TN57CC3636    own       9     50   41.3    35   2,629
  TN58BM3434    own       7     60   33.8    33   2,502
  TN57BS3434    own       1     21    6.6     7   2,046
  TN05V6697     rent     15     19  113.6    91   2,124
  TN23AC2721    rent     12     20  100.8    79   1,900
  TN25M4928     rent     12     20   84.2    73   1,900
  TN41T5270     rent     12     20  114.2    93   2,136
  TN20AK5513    rent     11     20   68.1    58   1,700
  TN31AB3789    rent     11     20   95.2    76   1,900
  TN31AC0182    rent     11     20   72.1    64   1,700
  TN20AL3611    rent     10     20   92.8    89   1,900
  TN20AU6396    rent     10     20  145.3    96   2,717
  TN25M4073     rent     10     20   64.8    57   1,700
  TN31J6001     rent     10     20   68.8    60   1,700
  TN36L5458     rent     10     20   90.8    80   1,900
  TN39AZ4680    rent     10     20   85.0    73   1,900
  TN41W8996     rent     10     20  104.0   100   1,946
  TN54T2368     rent     10     20  131.5    94   2,460
  TN74AY1634    rent     10     20  107.5    93   2,010
  TN31AY8208    rent      9     20  101.9    81   1,906
  TN40W3708     rent      9     20  114.0    81   2,131
  TN59AB3444    rent      9     16   98.9    87   1,900
  TN69M1957     rent      9     20  113.8    87   2,129
  TN02AB5688    rent      8     20   86.7    82   1,900
  TN030857      rent      8     20   97.6    78   1,900
  TN41S5818     rent      8     20   99.0    96   1,900
  TN42A3533     rent      8     20  112.7    98   2,107
  TN46F3361     rent      8     20  104.7    93   1,959
  TN57L8446     rent      8     20   93.8    90   1,900
  TN58BC3494    rent      8     14   62.3    47   1,700
  TN39AP2287    rent      7     20   72.5    67   1,700
  TN49AW5908    rent      7     20  129.7   100   2,425
  TN57P6909     rent      7     18  101.4    94   1,900
  TN74AW0645    rent      7     20   48.8    43   1,700
  TN63U4754     rent      7     18   72.4    60   1,700
  TN31CD6636    rent      6     20   69.1    55   1,700
  TN32AA4015    rent      6     20   41.4    46   1,700
  TN58S5303     rent      6     20   82.5    67   1,900
  TN20AJ3944    rent      5     20   33.7    29   1,700
  TN45AP3948    rent      5     20  116.3    97   2,175
  TN59AH9703    rent      5     20   30.5    26   1,700
  TN63E9861     rent      5     20  105.1    94   1,966
  TN32X3929     rent      3     20   59.1    52   1,700

================  LONGEST ROUTE: TN49AW5908  (7 stops, 129.7 km/day both trips, 100 min chain)  ================
  FACTORY (evening drop start) 10.207550, 77.806206
  1. Palayankottai                10.260994, 77.853204
  2. Palankottai                  10.260730, 77.855669
  3. Ambathurai                   10.275839, 77.922621
  4. Chettiyapatti Pirivu         10.291557, 77.934933
  5. Thomayarpuram                10.324405, 77.952633
  6. Kannarpatti                  10.321294, 77.985423
  7. Natham                       10.240495, 78.220110  <- parks overnight

  Google Maps: https://www.google.com/maps/dir/?api=1&origin=10.20755,77.806206&destination=10.240495,78.22011&waypoints=10.260994,77.853204|10.26073,77.855669|10.275839,77.922621|10.291557,77.934933|10.324405,77.952633|10.321294,77.985423&travelmode=driving

Wrote public/solver_result.json  (64 routes)
