  Using per-stop headcounts from CSV (registered 3054, active x0.7727570399476097, effective demand 2141)
  Using cached Google road matrix via MatrixIdx (692 of 823 nodes).
Solving 691 stops, 2141 riders, 69 buses available (29 own + 40 rent)  -  up to 220s ...
  phase A done (59 buses) -> warm-starting goal model

==================  FLEET METRICS  ==================
                              OWNED       RENTAL     COMBINED
  Buses used                     29           40           69
  Riders carried              1,381          760        2,141
  Utilisation                   89%         128%         100%
  Avg stops / bus              12.5          8.2         10.0
  Max ride (min)                 96          100          100
  Avg ride (min)                 51           66           60
  Total km/day                1,519        3,192        4,711
  Cost Rs/day                81,622       73,320      154,942
  Cost Rs/head/day             59.1         96.5         72.4

  OVERALL (whole fleet, all zones):  Rs 72.4/head/day  (Rs 1,882/mo) | 100% util | max ride 100 min | 69 buses

  bus           type    stops  riders  km     ride   Rs
  TN57CJ3636    own      19     53   74.4    73   3,185
  TN60AQ3434    own      19     47   76.7    74   3,223
  TN57CK3636    own      17     43   92.8    85   3,494
  TN57CF3636    own      16     51   35.6    37   2,532
  TN57CC3636    own      16     52   30.5    36   2,447
  TN57BC3636    own      15     54   49.5    47   2,766
  TN58BM3434    own      15     49   22.4    31   2,310
  TN60AS3636    own      15     58   58.0    56   2,909
  TN58BM3636    own      15     59   80.4    85   3,286
  TN57CD3434    own      14     51   96.6    96   3,558
  TN57CH3636    own      14     44   41.0    51   2,623
  TN58BL3434    own      14     46  101.5    93   3,640
  TN58BL3636    own      14     39   26.4    31   2,377
  TN58BK3636    own      13     38   62.3    53   2,980
  TN58BP3434    own      13     38   47.4    45   2,731
  TN58BS3434    own      13     58   31.3    35   2,459
  TN57BS3434    own      12     58   73.2    66   3,164
  TN57CB3636    own      12     47   59.8    63   2,939
  TN57BP3434    own      11     56   55.7    44   2,870
  TN57CL3434    own      11     46   28.6    33   2,415
  TN57CE3434    own      10     60   19.3    27   2,259
  TN57BQ3636    own      10     36   50.5    44   2,784
  TN57CA3636    own      10     49   33.6    32   2,499
  TN60AP3434    own       9     58   49.5    42   2,766
  TN58BR3434    own       9     28   59.1    49   2,928
  TN57CF3434    own       7     28   35.2    31   2,526
  TN60AS3434    own       7     28   54.1    48   2,844
  TN57CB3434    own       6     56   28.6    30   2,416
  TN57BQ3434    own       6     51   45.0    38   2,691
  TN23AC2721    rent     14     20   92.7    84   1,900
  TN030857      rent     13     19   91.2    78   1,900
  TN57P6909     rent     13     20  112.1    85   2,096
  TN20AJ3944    rent     12     20  108.7    86   2,033
  TN31AY8208    rent     12     20   72.6    56   1,700
  TN31CD6636    rent     12     20   79.7    70   1,700
  TN42A3533     rent     12     20  104.0   100   1,944
  TN02AB5688    rent     11     20  114.1    90   2,133
  TN20AL3611    rent     11     18   70.8    55   1,700
  TN25M4073     rent     11     20  103.9    90   1,942
  TN45AP3948    rent     11     20   85.9    69   1,900
  TN63E9861     rent     11     20   99.8    95   1,900
  TN31AC0182    rent     10     18   62.5    63   1,700
  TN63U4754     rent     10     20  108.0    82   2,019
  TN05V6697     rent      9     20   84.6    73   1,900
  TN31J6001     rent      9     20  116.1    82   2,171
  TN58S5303     rent      9     20  119.5    86   2,235
  TN59AH9703    rent      8     20   56.9    51   1,700
  TN74AW0645    rent      8     20   37.3    36   1,700
  TN74AY1634    rent      8     19   49.3    48   1,700
  TN20AK5513    rent      7     20   93.6    83   1,900
  TN20AU6396    rent      7     17   68.6    59   1,700
  TN39AZ4680    rent      7     17   85.9    79   1,900
  TN40W3708     rent      7     18   69.9    49   1,700
  TN49AW5908    rent      7     20   40.9    37   1,700
  TN57L8446     rent      7     20   45.0    41   1,700
  TN32X3929     rent      7     20   34.1    36   1,700
  TN31AB3789    rent      6     19   75.5    55   1,700
  TN36L5458     rent      6     20   74.1    52   1,700
  TN41T5270     rent      6     20   83.2    72   1,900
  TN41W8996     rent      6     18  101.8    86   1,904
  TN59AB3444    rent      6     20  104.7    93   1,958
  TN69M1957     rent      6     13   55.9    42   1,700
  TN32AA4015    rent      5     20   51.9    45   1,700
  TN41S5818     rent      5     19   74.9    52   1,700
  TN58BC3494    rent      5     10   68.1    44   1,700
  TN25M4928     rent      4     20   68.5    44   1,700
  TN39AP2287    rent      4     19  106.2    86   1,986
  TN46F3361     rent      4     17   49.9    42   1,700
  TN54T2368     rent      3     19   69.2    59   1,700

================  LONGEST ROUTE: TN42A3533  (12 stops, 104.0 km/day both trips, 100 min chain)  ================
  FACTORY (evening drop start) 10.207550, 77.806206
  1. Mannadimangalam 6            10.040222, 77.924073
  2. Mannadimangalam 2            10.035560, 77.926317
  3. Vikiramangalam               10.008628, 77.924047
  4. Joseph School                10.001722, 77.928287
  5. Naduvur                      9.996997, 77.924613
  6. Kalpulichampatti             9.997923, 77.921258
  7. Kodikulam Colony             9.970862, 77.909499
  8. Kodikulam                    9.972885, 77.907592
  9. Andipatti                    9.973670, 77.905854
  10. Ayyanarkulam                 9.992595, 77.879423
  11. Chinnakulavadi               9.989536, 77.870850
  12. Mayapuram                    9.993534, 77.867635  <- parks overnight

  Google Maps: https://www.google.com/maps/dir/?api=1&origin=10.20755,77.806206&destination=9.993534,77.867635&waypoints=10.040222,77.924073|10.03556,77.926317|10.008628,77.924047|10.001722,77.928287|9.996997,77.924613|9.997923,77.921258|9.970862,77.909499|9.972885,77.907592|9.97367,77.905854|9.992595,77.879423|9.989536,77.87085&travelmode=driving

Wrote public/solver_result.json  (69 routes)
