  Using per-stop headcounts from CSV (registered 3054, active x0.7727570399476097, effective demand 2141)
  Using cached Google road matrix via MatrixIdx (692 of 823 nodes).
Solving 691 stops, 2141 riders, 69 buses available (29 own + 40 rent)  -  up to 220s ...
  phase A done (59 buses) -> warm-starting goal model

==================  FLEET METRICS  ==================
                              OWNED       RENTAL     COMBINED
  Buses used                     29           40           69
  Riders carried              1,392          749        2,141
  Utilisation                   89%         126%         100%
  Avg stops / bus              12.8          8.0         10.0
  Max ride (min)                 93          100          100
  Avg ride (min)                 54           63           59
  Total km/day                1,662        3,059        4,721
  Cost Rs/day                84,023       72,294      156,318
  Cost Rs/head/day             60.4         96.5         73.0

  OVERALL (whole fleet, all zones):  Rs 73.0/head/day  (Rs 1,898/mo) | 100% util | max ride 100 min | 69 buses

  bus           type    stops  riders  km     ride   Rs
  TN57CK3636    own      19     47   95.4    91   3,538
  TN57CF3636    own      17     59   43.0    48   2,656
  TN57CH3636    own      17     55  100.8    91   3,628
  TN58BK3636    own      17     42   85.0    80   3,363
  TN57BC3636    own      16     44   56.2    57   2,879
  TN57BP3434    own      16     58   25.2    35   2,357
  TN58BM3636    own      16     44   71.7    66   3,139
  TN58BR3434    own      16     55   98.1    86   3,583
  TN57CJ3636    own      15     43   57.8    59   2,906
  TN58BP3434    own      15     44   69.6    61   3,104
  TN60AQ3434    own      15     58   59.5    58   2,935
  TN57BS3434    own      14     47   31.9    36   2,471
  TN57BQ3636    own      14     46  101.5    93   3,640
  TN58BL3434    own      13     45   45.7    43   2,702
  TN58BM3434    own      13     32   48.7    42   2,752
  TN58BS3434    own      13     59   28.1    37   2,406
  TN57CD3434    own      12     56   28.4    35   2,411
  TN58BL3636    own      12     59   64.1    60   3,012
  TN60AS3434    own      12     43   26.6    33   2,381
  TN57CB3636    own      12     47   59.8    63   2,939
  TN57CB3434    own      11     60   64.4    46   3,017
  TN57CL3434    own      11     54   44.4    39   2,680
  TN57BQ3434    own      11     33   46.3    46   2,712
  TN57CE3434    own       8     58   33.8    31   2,502
  TN57CF3434    own       8     43   41.5    37   2,632
  TN57CA3636    own       8     40   57.5    41   2,901
  TN60AP3434    own       7     55   45.0    38   2,691
  TN60AS3636    own       7     43   57.2    53   2,895
  TN57CC3636    own       7     23   74.8    70   3,191
  TN59AH9703    rent     17     19   93.1    77   1,900
  TN57P6909     rent     13     20  112.1    85   2,096
  TN20AL3611    rent     12     20   74.9    59   1,700
  TN45AP3948    rent     12     20  103.8   100   1,941
  TN02AB5688    rent     11     19   78.7    71   1,700
  TN030857      rent     11     20  119.5    88   2,234
  TN31AY8208    rent     11     17   73.9    58   1,700
  TN31J6001     rent     11     20  101.4    69   1,900
  TN20AJ3944    rent     10     19   90.7    70   1,900
  TN20AK5513    rent     10     17   79.1    68   1,700
  TN25M4073     rent     10     20   92.7    74   1,900
  TN49AW5908    rent     10     20   34.1    41   1,700
  TN58S5303     rent     10     20  114.1    90   2,134
  TN23AC2721    rent      9     20  112.8    83   2,110
  TN31CD6636    rent      9     19   91.5    81   1,900
  TN32AA4015    rent      9     20   93.3    79   1,900
  TN42A3533     rent      9     20   61.1    58   1,700
  TN31AC0182    rent      8     17   66.2    50   1,700
  TN46F3361     rent      8     16  101.8    90   1,903
  TN74AW0645    rent      8     18   25.4    26   1,700
  TN39AP2287    rent      7     20   95.5    86   1,900
  TN41S5818     rent      7     20   75.7    54   1,700
  TN41W8996     rent      7     20  102.6    87   1,919
  TN63E9861     rent      7     20   54.2    44   1,700
  TN32X3929     rent      7     18   61.0    54   1,700
  TN31AB3789    rent      6     18   75.7    49   1,700
  TN36L5458     rent      6     15   69.9    49   1,700
  TN39AZ4680    rent      6     19   72.5    66   1,700
  TN57L8446     rent      6     20   44.7    39   1,700
  TN59AB3444    rent      6     20  104.7    93   1,958
  TN58BC3494    rent      6     13   29.9    26   1,700
  TN63U4754     rent      6     17   62.7    44   1,700
  TN05V6697     rent      5     20   46.5    43   1,700
  TN40W3708     rent      5     20   76.7    55   1,700
  TN41T5270     rent      5     18   83.2    71   1,900
  TN69M1957     rent      5     20   30.0    31   1,700
  TN20AU6396    rent      4     19   71.8    62   1,700
  TN74AY1634    rent      4     20   38.7    34   1,700
  TN25M4928     rent      3     11   74.2    47   1,700
  TN54T2368     rent      3     20   69.2    59   1,700

================  LONGEST ROUTE: TN45AP3948  (12 stops, 103.8 km/day both trips, 100 min chain)  ================
  FACTORY (evening drop start) 10.207550, 77.806206
  1. Sithayipuram 2               10.077323, 77.875708
  2. Sithayipuram                 10.071913, 77.885497
  3. Vikiramangalam               10.008628, 77.924047
  4. Joseph School                10.001722, 77.928287
  5. Naduvur                      9.996997, 77.924613
  6. Kalpulichampatti             9.997923, 77.921258
  7. Kodikulam Colony             9.970862, 77.909499
  8. Kodikulam                    9.972885, 77.907592
  9. Andipatti                    9.973670, 77.905854
  10. Ayyanarkulam                 9.992595, 77.879423
  11. Chinnakulavadi               9.989536, 77.870850
  12. Mayapuram                    9.993534, 77.867635  <- parks overnight

  Google Maps: https://www.google.com/maps/dir/?api=1&origin=10.20755,77.806206&destination=9.993534,77.867635&waypoints=10.077323,77.875708|10.071913,77.885497|10.008628,77.924047|10.001722,77.928287|9.996997,77.924613|9.997923,77.921258|9.970862,77.909499|9.972885,77.907592|9.97367,77.905854|9.992595,77.879423|9.989536,77.87085&travelmode=driving

Wrote public/solver_result.json  (69 routes)
